#
# There is insufficient memory for the Java Runtime Environment to continue.
# Native memory allocation (malloc) failed to allocate 32744 bytes for ChunkPool::allocate
# Possible reasons:
#   The system is out of physical RAM or swap space
#   The process is running with CompressedOops enabled, and the Java Heap may be blocking the growth of the native heap
# Possible solutions:
#   Reduce memory load on the system
#   Increase physical memory or swap space
#   Check if swap backing store is full
#   Decrease Java heap size (-Xmx/-Xms)
#   Decrease number of Java threads
#   Decrease Java thread stack sizes (-Xss)
#   Set larger code cache with -XX:ReservedCodeCacheSize=
#   JVM is running with Unscaled Compressed Oops mode in which the Java heap is
#     placed in the first 4GB address space. The Java Heap base address is the
#     maximum limit for the native heap growth. Please use -XX:HeapBaseMinAddress
#     to set the Java Heap base and to place the Java Heap above 4GB virtual address.
# This output file may be truncated or incomplete.
#
#  Out of Memory Error (arena.cpp:78), pid=18544, tid=16704
#
# JRE version: OpenJDK Runtime Environment Temurin-17.0.8.1+1 (17.0.8.1+1) (build 17.0.8.1+1)
# Java VM: OpenJDK 64-Bit Server VM Temurin-17.0.8.1+1 (17.0.8.1+1, mixed mode, emulated-client, tiered, compressed oops, compressed class ptrs, g1 gc, windows-amd64)
# No core dump will be written. Minidumps are not enabled by default on client versions of Windows
#

---------------  S U M M A R Y ------------

Command Line: -XX:+HeapDumpOnOutOfMemoryError -Xmx1024m -Dsts.lsp.client=vscode -Dsts.log.file=/dev/null -XX:TieredStopAtLevel=1 -Xlog:jni+resolve=off -Dspring.config.location=file:c:\Users\butle\.vscode\extensions\vmware.vscode-spring-boot-1.49.0\language-server\BOOT-INF\classes\application.properties org.springframework.ide.vscode.boot.app.BootLanguageServerBootApp

Host: Intel(R) Celeron(R) N4000 CPU @ 1.10GHz, 2 cores, 3G,  Windows 11 , 64 bit Build 22000 (10.0.22000.1516)
Time: Wed Nov  1 15:25:05 2023 Central Daylight Time elapsed time: 6.528484 seconds (0d 0h 0m 6s)

---------------  T H R E A D  ---------------

Current thread (0x000001de45cdb050):  JavaThread "C1 CompilerThread1" daemon [_thread_in_native, id=16704, stack(0x0000008c1bb00000,0x0000008c1bc00000)]


Current CompileTask:
C1:   6528 1393       1       sun.security.provider.ByteArrayAccess::b2iBig64 (231 bytes)

Stack: [0x0000008c1bb00000,0x0000008c1bc00000]
Native frames: (J=compiled Java code, j=interpreted, Vv=VM code, C=native code)
V  [jvm.dll+0x678b0a]
V  [jvm.dll+0x835e84]
V  [jvm.dll+0x83762e]
V  [jvm.dll+0x837c93]
V  [jvm.dll+0x24746f]
V  [jvm.dll+0xac42c]
V  [jvm.dll+0xac7dc]
V  [jvm.dll+0x17cb41]
V  [jvm.dll+0x17f629]
V  [jvm.dll+0x17fc30]
V  [jvm.dll+0x177b80]
V  [jvm.dll+0x176f97]
V  [jvm.dll+0x1806eb]
V  [jvm.dll+0x1781a8]
V  [jvm.dll+0x17b89f]
V  [jvm.dll+0x135fc3]
V  [jvm.dll+0x1358bf]
V  [jvm.dll+0x135af6]
V  [jvm.dll+0x134f8a]
V  [jvm.dll+0x136c51]
V  [jvm.dll+0x228d8a]
V  [jvm.dll+0x226dcc]
V  [jvm.dll+0x7ec09b]
V  [jvm.dll+0x7e64ca]
V  [jvm.dll+0x677955]
C  [ucrtbase.dll+0x26c0c]
C  [KERNEL32.DLL+0x155a0]
C  [ntdll.dll+0x485b]


---------------  P R O C E S S  ---------------

Threads class SMR info:
_java_thread_list=0x000001de45cd3260, length=12, elements={
0x000001de36d81ff0, 0x000001de40e86380, 0x000001de40e86f40, 0x000001de40eb7a20,
0x000001de40eb82f0, 0x000001de40ebabd0, 0x000001de40ebb4a0, 0x000001de40ebbe20,
0x000001de40ef86e0, 0x000001de452c3230, 0x000001de452ceb90, 0x000001de45cdb050
}

Java Threads: ( => current thread )
  0x000001de36d81ff0 JavaThread "main" [_thread_in_vm, id=16948, stack(0x0000008c1a800000,0x0000008c1a900000)]
  0x000001de40e86380 JavaThread "Reference Handler" daemon [_thread_blocked, id=19872, stack(0x0000008c1af00000,0x0000008c1b000000)]
  0x000001de40e86f40 JavaThread "Finalizer" daemon [_thread_blocked, id=16864, stack(0x0000008c1b000000,0x0000008c1b100000)]
  0x000001de40eb7a20 JavaThread "Signal Dispatcher" daemon [_thread_blocked, id=4120, stack(0x0000008c1b100000,0x0000008c1b200000)]
  0x000001de40eb82f0 JavaThread "Attach Listener" daemon [_thread_blocked, id=14420, stack(0x0000008c1b200000,0x0000008c1b300000)]
  0x000001de40ebabd0 JavaThread "Service Thread" daemon [_thread_blocked, id=5156, stack(0x0000008c1b300000,0x0000008c1b400000)]
  0x000001de40ebb4a0 JavaThread "Monitor Deflation Thread" daemon [_thread_blocked, id=8636, stack(0x0000008c1b400000,0x0000008c1b500000)]
  0x000001de40ebbe20 JavaThread "C1 CompilerThread0" daemon [_thread_blocked, id=16268, stack(0x0000008c1b500000,0x0000008c1b600000)]
  0x000001de40ef86e0 JavaThread "Sweeper thread" daemon [_thread_blocked, id=3508, stack(0x0000008c1b600000,0x0000008c1b700000)]
  0x000001de452c3230 JavaThread "Notification Thread" daemon [_thread_blocked, id=18128, stack(0x0000008c1b700000,0x0000008c1b800000)]
  0x000001de452ceb90 JavaThread "Common-Cleaner" daemon [_thread_blocked, id=1792, stack(0x0000008c1b900000,0x0000008c1ba00000)]
=>0x000001de45cdb050 JavaThread "C1 CompilerThread1" daemon [_thread_in_native, id=16704, stack(0x0000008c1bb00000,0x0000008c1bc00000)]

Other Threads:
  0x000001de40e6f8d0 VMThread "VM Thread" [stack: 0x0000008c1ae00000,0x0000008c1af00000] [id=21544]
  0x000001de452c3710 WatcherThread [stack: 0x0000008c1b800000,0x0000008c1b900000] [id=8132]
  0x000001de36dc0610 GCTaskThread "GC Thread#0" [stack: 0x0000008c1a900000,0x0000008c1aa00000] [id=7888]
  0x000001de452d4870 GCTaskThread "GC Thread#1" [stack: 0x0000008c1ba00000,0x0000008c1bb00000] [id=11192]
  0x000001de36dc9560 ConcurrentGCThread "G1 Main Marker" [stack: 0x0000008c1aa00000,0x0000008c1ab00000] [id=10216]
  0x000001de36dc9f70 ConcurrentGCThread "G1 Conc#0" [stack: 0x0000008c1ab00000,0x0000008c1ac00000] [id=7580]
  0x000001de36dff4b0 ConcurrentGCThread "G1 Refine#0" [stack: 0x0000008c1ac00000,0x0000008c1ad00000] [id=20204]
  0x000001de36e00040 ConcurrentGCThread "G1 Service" [stack: 0x0000008c1ad00000,0x0000008c1ae00000] [id=12924]

Threads with active compile tasks:
C1 CompilerThread1     6731 1393       1       sun.security.provider.ByteArrayAccess::b2iBig64 (231 bytes)

VM state: not at safepoint (normal execution)

VM Mutex/Monitor currently owned by a thread: None

Heap address: 0x00000000c0000000, size: 1024 MB, Compressed Oops mode: 32-bit

CDS archive(s) not mapped
Compressed class space mapped at: 0x0000000100000000-0x0000000140000000, reserved size: 1073741824
Narrow klass base: 0x0000000000000000, Narrow klass shift: 3, Narrow klass range: 0x140000000

GC Precious Log:
 CPUs: 2 total, 2 available
 Memory: 3911M
 Large Page Support: Disabled
 NUMA Support: Disabled
 Compressed Oops: Enabled (32-bit)
 Heap Region Size: 1M
 Heap Min Capacity: 8M
 Heap Initial Capacity: 62M
 Heap Max Capacity: 1G
 Pre-touch: Disabled
 Parallel Workers: 2
 Concurrent Workers: 1
 Concurrent Refinement Workers: 2
 Periodic GC: Disabled

Heap:
 garbage-first heap   total 63488K, used 31264K [0x00000000c0000000, 0x0000000100000000)
  region size 1024K, 24 young (24576K), 2 survivors (2048K)
 Metaspace       used 16029K, committed 16192K, reserved 1114112K
  class space    used 1993K, committed 2048K, reserved 1048576K

Heap Regions: E=young(eden), S=young(survivor), O=old, HS=humongous(starts), HC=humongous(continues), CS=collection set, F=free, OA=open archive, CA=closed archive, TAMS=top-at-mark-start (previous, next)
|   0|0x00000000c0000000, 0x00000000c0100000, 0x00000000c0100000|100%| O|  |TAMS 0x00000000c0000000, 0x00000000c0000000| Untracked 
|   1|0x00000000c0100000, 0x00000000c0200000, 0x00000000c0200000|100%| O|  |TAMS 0x00000000c0100000, 0x00000000c0100000| Untracked 
|   2|0x00000000c0200000, 0x00000000c0300000, 0x00000000c0300000|100%| O|  |TAMS 0x00000000c0200000, 0x00000000c0200000| Untracked 
|   3|0x00000000c0300000, 0x00000000c0400000, 0x00000000c0400000|100%| O|  |TAMS 0x00000000c0300000, 0x00000000c0300000| Untracked 
|   4|0x00000000c0400000, 0x00000000c0500000, 0x00000000c0500000|100%| O|  |TAMS 0x00000000c0400000, 0x00000000c0400000| Untracked 
|   5|0x00000000c0500000, 0x00000000c0600000, 0x00000000c0600000|100%| O|  |TAMS 0x00000000c0500000, 0x00000000c0500000| Untracked 
|   6|0x00000000c0600000, 0x00000000c0700000, 0x00000000c0700000|100%| O|  |TAMS 0x00000000c0600000, 0x00000000c0600000| Untracked 
|   7|0x00000000c0700000, 0x00000000c078b200, 0x00000000c0800000| 54%| O|  |TAMS 0x00000000c0700000, 0x00000000c0700000| Untracked 
|   8|0x00000000c0800000, 0x00000000c0800000, 0x00000000c0900000|  0%| F|  |TAMS 0x00000000c0800000, 0x00000000c0800000| Untracked 
|   9|0x00000000c0900000, 0x00000000c0900000, 0x00000000c0a00000|  0%| F|  |TAMS 0x00000000c0900000, 0x00000000c0900000| Untracked 
|  10|0x00000000c0a00000, 0x00000000c0a00000, 0x00000000c0b00000|  0%| F|  |TAMS 0x00000000c0a00000, 0x00000000c0a00000| Untracked 
|  11|0x00000000c0b00000, 0x00000000c0b00000, 0x00000000c0c00000|  0%| F|  |TAMS 0x00000000c0b00000, 0x00000000c0b00000| Untracked 
|  12|0x00000000c0c00000, 0x00000000c0c00000, 0x00000000c0d00000|  0%| F|  |TAMS 0x00000000c0c00000, 0x00000000c0c00000| Untracked 
|  13|0x00000000c0d00000, 0x00000000c0d00000, 0x00000000c0e00000|  0%| F|  |TAMS 0x00000000c0d00000, 0x00000000c0d00000| Untracked 
|  14|0x00000000c0e00000, 0x00000000c0e00000, 0x00000000c0f00000|  0%| F|  |TAMS 0x00000000c0e00000, 0x00000000c0e00000| Untracked 
|  15|0x00000000c0f00000, 0x00000000c0f00000, 0x00000000c1000000|  0%| F|  |TAMS 0x00000000c0f00000, 0x00000000c0f00000| Untracked 
|  16|0x00000000c1000000, 0x00000000c1000000, 0x00000000c1100000|  0%| F|  |TAMS 0x00000000c1000000, 0x00000000c1000000| Untracked 
|  17|0x00000000c1100000, 0x00000000c1100000, 0x00000000c1200000|  0%| F|  |TAMS 0x00000000c1100000, 0x00000000c1100000| Untracked 
|  18|0x00000000c1200000, 0x00000000c1200000, 0x00000000c1300000|  0%| F|  |TAMS 0x00000000c1200000, 0x00000000c1200000| Untracked 
|  19|0x00000000c1300000, 0x00000000c1300000, 0x00000000c1400000|  0%| F|  |TAMS 0x00000000c1300000, 0x00000000c1300000| Untracked 
|  20|0x00000000c1400000, 0x00000000c1400000, 0x00000000c1500000|  0%| F|  |TAMS 0x00000000c1400000, 0x00000000c1400000| Untracked 
|  21|0x00000000c1500000, 0x00000000c1500000, 0x00000000c1600000|  0%| F|  |TAMS 0x00000000c1500000, 0x00000000c1500000| Untracked 
|  22|0x00000000c1600000, 0x00000000c1600000, 0x00000000c1700000|  0%| F|  |TAMS 0x00000000c1600000, 0x00000000c1600000| Untracked 
|  23|0x00000000c1700000, 0x00000000c1700000, 0x00000000c1800000|  0%| F|  |TAMS 0x00000000c1700000, 0x00000000c1700000| Untracked 
|  24|0x00000000c1800000, 0x00000000c1800000, 0x00000000c1900000|  0%| F|  |TAMS 0x00000000c1800000, 0x00000000c1800000| Untracked 
|  25|0x00000000c1900000, 0x00000000c1900000, 0x00000000c1a00000|  0%| F|  |TAMS 0x00000000c1900000, 0x00000000c1900000| Untracked 
|  26|0x00000000c1a00000, 0x00000000c1a00000, 0x00000000c1b00000|  0%| F|  |TAMS 0x00000000c1a00000, 0x00000000c1a00000| Untracked 
|  27|0x00000000c1b00000, 0x00000000c1b00000, 0x00000000c1c00000|  0%| F|  |TAMS 0x00000000c1b00000, 0x00000000c1b00000| Untracked 
|  28|0x00000000c1c00000, 0x00000000c1c00000, 0x00000000c1d00000|  0%| F|  |TAMS 0x00000000c1c00000, 0x00000000c1c00000| Untracked 
|  29|0x00000000c1d00000, 0x00000000c1d00000, 0x00000000c1e00000|  0%| F|  |TAMS 0x00000000c1d00000, 0x00000000c1d00000| Untracked 
|  30|0x00000000c1e00000, 0x00000000c1e00000, 0x00000000c1f00000|  0%| F|  |TAMS 0x00000000c1e00000, 0x00000000c1e00000| Untracked 
|  31|0x00000000c1f00000, 0x00000000c1f00000, 0x00000000c2000000|  0%| F|  |TAMS 0x00000000c1f00000, 0x00000000c1f00000| Untracked 
|  32|0x00000000c2000000, 0x00000000c2000000, 0x00000000c2100000|  0%| F|  |TAMS 0x00000000c2000000, 0x00000000c2000000| Untracked 
|  33|0x00000000c2100000, 0x00000000c2100000, 0x00000000c2200000|  0%| F|  |TAMS 0x00000000c2100000, 0x00000000c2100000| Untracked 
|  34|0x00000000c2200000, 0x00000000c2200000, 0x00000000c2300000|  0%| F|  |TAMS 0x00000000c2200000, 0x00000000c2200000| Untracked 
|  35|0x00000000c2300000, 0x00000000c2300000, 0x00000000c2400000|  0%| F|  |TAMS 0x00000000c2300000, 0x00000000c2300000| Untracked 
|  36|0x00000000c2400000, 0x00000000c2400000, 0x00000000c2500000|  0%| F|  |TAMS 0x00000000c2400000, 0x00000000c2400000| Untracked 
|  37|0x00000000c2500000, 0x00000000c2500000, 0x00000000c2600000|  0%| F|  |TAMS 0x00000000c2500000, 0x00000000c2500000| Untracked 
|  38|0x00000000c2600000, 0x00000000c2680800, 0x00000000c2700000| 50%| E|  |TAMS 0x00000000c2600000, 0x00000000c2600000| Complete 
|  39|0x00000000c2700000, 0x00000000c2800000, 0x00000000c2800000|100%| E|CS|TAMS 0x00000000c2700000, 0x00000000c2700000| Complete 
|  40|0x00000000c2800000, 0x00000000c2900000, 0x00000000c2900000|100%| E|CS|TAMS 0x00000000c2800000, 0x00000000c2800000| Complete 
|  41|0x00000000c2900000, 0x00000000c2a00000, 0x00000000c2a00000|100%| E|CS|TAMS 0x00000000c2900000, 0x00000000c2900000| Complete 
|  42|0x00000000c2a00000, 0x00000000c2b00000, 0x00000000c2b00000|100%| E|CS|TAMS 0x00000000c2a00000, 0x00000000c2a00000| Complete 
|  43|0x00000000c2b00000, 0x00000000c2c00000, 0x00000000c2c00000|100%| E|CS|TAMS 0x00000000c2b00000, 0x00000000c2b00000| Complete 
|  44|0x00000000c2c00000, 0x00000000c2d00000, 0x00000000c2d00000|100%| E|CS|TAMS 0x00000000c2c00000, 0x00000000c2c00000| Complete 
|  45|0x00000000c2d00000, 0x00000000c2e00000, 0x00000000c2e00000|100%| E|CS|TAMS 0x00000000c2d00000, 0x00000000c2d00000| Complete 
|  46|0x00000000c2e00000, 0x00000000c2f00000, 0x00000000c2f00000|100%| E|CS|TAMS 0x00000000c2e00000, 0x00000000c2e00000| Complete 
|  47|0x00000000c2f00000, 0x00000000c3000000, 0x00000000c3000000|100%| E|CS|TAMS 0x00000000c2f00000, 0x00000000c2f00000| Complete 
|  48|0x00000000c3000000, 0x00000000c3100000, 0x00000000c3100000|100%| E|CS|TAMS 0x00000000c3000000, 0x00000000c3000000| Complete 
|  49|0x00000000c3100000, 0x00000000c31fd0e8, 0x00000000c3200000| 98%| S|CS|TAMS 0x00000000c3100000, 0x00000000c3100000| Complete 
|  50|0x00000000c3200000, 0x00000000c3300000, 0x00000000c3300000|100%| S|CS|TAMS 0x00000000c3200000, 0x00000000c3200000| Complete 
|  51|0x00000000c3300000, 0x00000000c3400000, 0x00000000c3400000|100%| E|CS|TAMS 0x00000000c3300000, 0x00000000c3300000| Complete 
|  52|0x00000000c3400000, 0x00000000c3500000, 0x00000000c3500000|100%| E|CS|TAMS 0x00000000c3400000, 0x00000000c3400000| Complete 
|  53|0x00000000c3500000, 0x00000000c3600000, 0x00000000c3600000|100%| E|CS|TAMS 0x00000000c3500000, 0x00000000c3500000| Complete 
|  54|0x00000000c3600000, 0x00000000c3700000, 0x00000000c3700000|100%| E|CS|TAMS 0x00000000c3600000, 0x00000000c3600000| Complete 
|  55|0x00000000c3700000, 0x00000000c3800000, 0x00000000c3800000|100%| E|CS|TAMS 0x00000000c3700000, 0x00000000c3700000| Complete 
|  56|0x00000000c3800000, 0x00000000c3900000, 0x00000000c3900000|100%| E|CS|TAMS 0x00000000c3800000, 0x00000000c3800000| Complete 
|  57|0x00000000c3900000, 0x00000000c3a00000, 0x00000000c3a00000|100%| E|CS|TAMS 0x00000000c3900000, 0x00000000c3900000| Complete 
|  58|0x00000000c3a00000, 0x00000000c3b00000, 0x00000000c3b00000|100%| E|CS|TAMS 0x00000000c3a00000, 0x00000000c3a00000| Complete 
|  59|0x00000000c3b00000, 0x00000000c3c00000, 0x00000000c3c00000|100%| E|CS|TAMS 0x00000000c3b00000, 0x00000000c3b00000| Complete 
|  60|0x00000000c3c00000, 0x00000000c3d00000, 0x00000000c3d00000|100%| E|CS|TAMS 0x00000000c3c00000, 0x00000000c3c00000| Complete 
|  61|0x00000000c3d00000, 0x00000000c3e00000, 0x00000000c3e00000|100%| E|CS|TAMS 0x00000000c3d00000, 0x00000000c3d00000| Complete 

Card table byte_map: [0x000001de369e0000,0x000001de36be0000] _byte_map_base: 0x000001de363e0000

Marking Bits (Prev, Next): (CMBitMap*) 0x000001de36dc0c30, (CMBitMap*) 0x000001de36dc0c70
 Prev Bits: [0x000001de3cc00000, 0x000001de3dc00000)
 Next Bits: [0x000001de3dc00000, 0x000001de3ec00000)

Polling page: 0x000001de34d80000

Metaspace:

Usage:
  Non-class:     13.71 MB used.
      Class:      1.95 MB used.
       Both:     15.65 MB used.

Virtual space:
  Non-class space:       64.00 MB reserved,      13.81 MB ( 22%) committed,  1 nodes.
      Class space:        1.00 GB reserved,       2.00 MB ( <1%) committed,  1 nodes.
             Both:        1.06 GB reserved,      15.81 MB (  1%) committed. 

Chunk freelists:
   Non-Class:  2.09 MB
       Class:  14.00 MB
        Both:  16.09 MB

MaxMetaspaceSize: unlimited
CompressedClassSpaceSize: 1.00 GB
Initial GC threshold: 21.00 MB
Current GC threshold: 21.00 MB
CDS: off
MetaspaceReclaimPolicy: balanced
 - commit_granule_bytes: 65536.
 - commit_granule_words: 8192.
 - virtual_space_node_default_size: 8388608.
 - enlarge_chunks_in_place: 1.
 - new_chunks_are_fully_committed: 0.
 - uncommit_free_chunks: 1.
 - use_allocation_guard: 0.
 - handle_deallocations: 1.


Internal statistics:

num_allocs_failed_limit: 0.
num_arena_births: 116.
num_arena_deaths: 0.
num_vsnodes_births: 2.
num_vsnodes_deaths: 0.
num_space_committed: 253.
num_space_uncommitted: 0.
num_chunks_returned_to_freelist: 0.
num_chunks_taken_from_freelist: 383.
num_chunk_merges: 0.
num_chunk_splits: 244.
num_chunks_enlarged: 192.
num_inconsistent_stats: 0.

CodeCache: size=49152Kb used=3765Kb max_used=3765Kb free=45386Kb
 bounds [0x000001de39a00000, 0x000001de39db0000, 0x000001de3ca00000]
 total_blobs=1841 nmethods=1406 adapters=363
 compilation: enabled
              stopped_count=0, restarted_count=0
 full_count=0

Compilation events (20 events):
Event: 6.496 Thread 0x000001de40ebbe20 1397       1       java.util.jar.Attributes::size (10 bytes)
Event: 6.496 Thread 0x000001de40ebbe20 nmethod 1397 0x000001de39daaf10 code [0x000001de39dab0a0, 0x000001de39dab188]
Event: 6.496 Thread 0x000001de40ebbe20 1399  s    1       java.io.ByteArrayOutputStream::toString (18 bytes)
Event: 6.497 Thread 0x000001de40ebbe20 nmethod 1399 0x000001de39dab210 code [0x000001de39dab3c0, 0x000001de39dab5c8]
Event: 6.497 Thread 0x000001de40ebbe20 1400       1       sun.security.util.ManifestDigester$Entry::<init> (16 bytes)
Event: 6.497 Thread 0x000001de40ebbe20 nmethod 1400 0x000001de39dab690 code [0x000001de39dab820, 0x000001de39dab9f8]
Event: 6.497 Thread 0x000001de40ebbe20 1401       1       sun.security.util.ManifestDigester$Section::<init> (26 bytes)
Event: 6.497 Thread 0x000001de40ebbe20 nmethod 1401 0x000001de39daba90 code [0x000001de39dabc20, 0x000001de39dabd38]
Event: 6.497 Thread 0x000001de40ebbe20 1402       1       sun.security.util.ManifestDigester$Entry::addSection (13 bytes)
Event: 6.497 Thread 0x000001de40ebbe20 nmethod 1402 0x000001de39dabd90 code [0x000001de39dabf20, 0x000001de39dac028]
Event: 6.497 Thread 0x000001de40ebbe20 1403       1       sun.security.util.ManifestDigester::isNameAttr (102 bytes)
Event: 6.498 Thread 0x000001de40ebbe20 nmethod 1403 0x000001de39dac090 code [0x000001de39dac220, 0x000001de39dac438]
Event: 6.498 Thread 0x000001de40ebbe20 1404       1       sun.security.util.ManifestDigester$$Lambda$208/0x000000010017ae60::apply (8 bytes)
Event: 6.498 Thread 0x000001de40ebbe20 nmethod 1404 0x000001de39dac590 code [0x000001de39dac740, 0x000001de39dac9b8]
Event: 6.498 Thread 0x000001de40ebbe20 1405       1       sun.security.util.ManifestDigester::lambda$new$0 (8 bytes)
Event: 6.498 Thread 0x000001de40ebbe20 nmethod 1405 0x000001de39daca90 code [0x000001de39dacc20, 0x000001de39dace38]
Event: 6.498 Thread 0x000001de40ebbe20 1406  s    1       java.io.ByteArrayOutputStream::size (5 bytes)
Event: 6.498 Thread 0x000001de40ebbe20 nmethod 1406 0x000001de39dacf10 code [0x000001de39dad0a0, 0x000001de39dad218]
Event: 6.498 Thread 0x000001de40ebbe20 1407       1       sun.security.util.DerOutputStream::buf (5 bytes)
Event: 6.498 Thread 0x000001de40ebbe20 nmethod 1407 0x000001de39dad290 code [0x000001de39dad420, 0x000001de39dad4f8]

GC Heap History (8 events):
Event: 1.627 GC heap before
{Heap before GC invocations=0 (full 0):
 garbage-first heap   total 63488K, used 5120K [0x00000000c0000000, 0x0000000100000000)
  region size 1024K, 6 young (6144K), 0 survivors (0K)
 Metaspace       used 4218K, committed 4416K, reserved 1114112K
  class space    used 403K, committed 512K, reserved 1048576K
}
Event: 1.720 GC heap after
{Heap after GC invocations=1 (full 0):
 garbage-first heap   total 63488K, used 4803K [0x00000000c0000000, 0x0000000100000000)
  region size 1024K, 1 young (1024K), 1 survivors (1024K)
 Metaspace       used 4218K, committed 4416K, reserved 1114112K
  class space    used 403K, committed 512K, reserved 1048576K
}
Event: 1.852 GC heap before
{Heap before GC invocations=1 (full 0):
 garbage-first heap   total 63488K, used 6851K [0x00000000c0000000, 0x0000000100000000)
  region size 1024K, 4 young (4096K), 1 survivors (1024K)
 Metaspace       used 4255K, committed 4416K, reserved 1114112K
  class space    used 407K, committed 512K, reserved 1048576K
}
Event: 1.858 GC heap after
{Heap after GC invocations=2 (full 0):
 garbage-first heap   total 63488K, used 5976K [0x00000000c0000000, 0x0000000100000000)
  region size 1024K, 1 young (1024K), 1 survivors (1024K)
 Metaspace       used 4255K, committed 4416K, reserved 1114112K
  class space    used 407K, committed 512K, reserved 1048576K
}
Event: 3.348 GC heap before
{Heap before GC invocations=2 (full 0):
 garbage-first heap   total 63488K, used 11096K [0x00000000c0000000, 0x0000000100000000)
  region size 1024K, 7 young (7168K), 1 survivors (1024K)
 Metaspace       used 6727K, committed 6848K, reserved 1114112K
  class space    used 685K, committed 704K, reserved 1048576K
}
Event: 3.356 GC heap after
{Heap after GC invocations=3 (full 0):
 garbage-first heap   total 63488K, used 8748K [0x00000000c0000000, 0x0000000100000000)
  region size 1024K, 1 young (1024K), 1 survivors (1024K)
 Metaspace       used 6727K, committed 6848K, reserved 1114112K
  class space    used 685K, committed 704K, reserved 1048576K
}
Event: 4.249 GC heap before
{Heap before GC invocations=3 (full 0):
 garbage-first heap   total 63488K, used 18988K [0x00000000c0000000, 0x0000000100000000)
  region size 1024K, 11 young (11264K), 1 survivors (1024K)
 Metaspace       used 9964K, committed 10176K, reserved 1114112K
  class space    used 1189K, committed 1280K, reserved 1048576K
}
Event: 4.255 GC heap after
{Heap after GC invocations=4 (full 0):
 garbage-first heap   total 63488K, used 9760K [0x00000000c0000000, 0x0000000100000000)
  region size 1024K, 2 young (2048K), 2 survivors (2048K)
 Metaspace       used 9964K, committed 10176K, reserved 1114112K
  class space    used 1189K, committed 1280K, reserved 1048576K
}

Dll operation events (5 events):
Event: 0.041 Loaded shared library c:\Users\butle\.vscode\extensions\redhat.java-1.24.0-win32-x64\jre\17.0.8.1-win32-x86_64\bin\java.dll
Event: 1.101 Loaded shared library C:\Users\butle\.vscode\extensions\redhat.java-1.24.0-win32-x64\jre\17.0.8.1-win32-x86_64\bin\net.dll
Event: 1.107 Loaded shared library C:\Users\butle\.vscode\extensions\redhat.java-1.24.0-win32-x64\jre\17.0.8.1-win32-x86_64\bin\nio.dll
Event: 1.160 Loaded shared library C:\Users\butle\.vscode\extensions\redhat.java-1.24.0-win32-x64\jre\17.0.8.1-win32-x86_64\bin\zip.dll
Event: 2.926 Loaded shared library C:\Users\butle\.vscode\extensions\redhat.java-1.24.0-win32-x64\jre\17.0.8.1-win32-x86_64\bin\jimage.dll

Deoptimization events (0 events):
No events

Classes unloaded (0 events):
No events

Classes redefined (0 events):
No events

Internal exceptions (20 events):
Event: 3.809 Thread 0x000001de36d81ff0 Exception <a 'java/lang/NoSuchMethodError'{0x00000000c382f758}: 'void java.lang.invoke.DirectMethodHandle$Holder.invokeStatic(java.lang.Object, java.lang.Object, java.lang.Object, java.lang.Object)'> (0x00000000c382f758) 
thrown [s\src\hotspot\share\interpreter\linkResolver.cpp, line 759]
Event: 3.813 Thread 0x000001de36d81ff0 Exception <a 'java/lang/NoSuchMethodError'{0x00000000c383a248}: 'int java.lang.invoke.DirectMethodHandle$Holder.invokeSpecial(java.lang.Object, java.lang.Object, java.lang.Object)'> (0x00000000c383a248) 
thrown [s\src\hotspot\share\interpreter\linkResolver.cpp, line 759]
Event: 3.894 Thread 0x000001de36d81ff0 Exception <a 'java/lang/NoSuchMethodError'{0x00000000c371d470}: 'java.lang.Object java.lang.invoke.DirectMethodHandle$Holder.invokeStaticInit(java.lang.Object, java.lang.Object, java.lang.Object)'> (0x00000000c371d470) 
thrown [s\src\hotspot\share\interpreter\linkResolver.cpp, line 759]
Event: 4.488 Thread 0x000001de36d81ff0 Exception <a 'java/lang/NoSuchMethodError'{0x00000000c3ab2510}: 'int java.lang.invoke.DirectMethodHandle$Holder.invokeStaticInit(java.lang.Object, java.lang.Object)'> (0x00000000c3ab2510) 
thrown [s\src\hotspot\share\interpreter\linkResolver.cpp, line 759]
Event: 4.505 Thread 0x000001de36d81ff0 Exception <a 'java/lang/NoSuchMethodError'{0x00000000c390c408}: 'void java.lang.invoke.DirectMethodHandle$Holder.invokeInterface(java.lang.Object, java.lang.Object, java.lang.Object, java.lang.Object)'> (0x00000000c390c408) 
thrown [s\src\hotspot\share\interpreter\linkResolver.cpp, line 759]
Event: 4.662 Thread 0x000001de36d81ff0 Exception <a 'java/lang/NoSuchMethodError'{0x00000000c3705628}: 'java.lang.Object java.lang.invoke.DirectMethodHandle$Holder.invokeInterface(java.lang.Object, java.lang.Object)'> (0x00000000c3705628) 
thrown [s\src\hotspot\share\interpreter\linkResolver.cpp, line 759]
Event: 4.680 Thread 0x000001de36d81ff0 Exception <a 'java/lang/NoSuchMethodError'{0x00000000c3757dd0}: 'java.lang.Object java.lang.invoke.DirectMethodHandle$Holder.invokeSpecialIFC(java.lang.Object, java.lang.Object, java.lang.Object, java.lang.Object)'> (0x00000000c3757dd0) 
thrown [s\src\hotspot\share\interpreter\linkResolver.cpp, line 759]
Event: 4.686 Thread 0x000001de36d81ff0 Exception <a 'java/lang/NoSuchMethodError'{0x00000000c377fd48}: 'java.lang.Object java.lang.invoke.DirectMethodHandle$Holder.invokeInterface(java.lang.Object, java.lang.Object, java.lang.Object)'> (0x00000000c377fd48) 
thrown [s\src\hotspot\share\interpreter\linkResolver.cpp, line 759]
Event: 4.741 Thread 0x000001de36d81ff0 Exception <a 'java/lang/NoSuchMethodError'{0x00000000c3673ab8}: 'int java.lang.invoke.DirectMethodHandle$Holder.invokeStaticInit(java.lang.Object, java.lang.Object, java.lang.Object)'> (0x00000000c3673ab8) 
thrown [s\src\hotspot\share\interpreter\linkResolver.cpp, line 759]
Event: 4.755 Thread 0x000001de36d81ff0 Exception <a 'java/lang/NoSuchMethodError'{0x00000000c36a3428}: 'java.lang.Object java.lang.invoke.DirectMethodHandle$Holder.invokeVirtual(java.lang.Object, java.lang.Object, java.lang.Object)'> (0x00000000c36a3428) 
thrown [s\src\hotspot\share\interpreter\linkResolver.cpp, line 759]
Event: 4.773 Thread 0x000001de36d81ff0 Exception <a 'java/lang/NoSuchMethodError'{0x00000000c36db438}: 'java.lang.Object java.lang.invoke.DirectMethodHandle$Holder.newInvokeSpecial(java.lang.Object, java.lang.Object, java.lang.Object, java.lang.Object, java.lang.Object)'> (0x00000000c36db438) 
thrown [s\src\hotspot\share\interpreter\linkResolver.cpp, line 759]
Event: 4.833 Thread 0x000001de36d81ff0 Exception <a 'java/lang/IncompatibleClassChangeError'{0x00000000c35b3b70}: Found class java.lang.Object, but interface was expected> (0x00000000c35b3b70) 
thrown [s\src\hotspot\share\interpreter\linkResolver.cpp, line 826]
Event: 5.430 Thread 0x000001de36d81ff0 Exception <a 'java/lang/NoSuchMethodError'{0x00000000c2e7cde0}: 'int java.lang.invoke.DirectMethodHandle$Holder.invokeSpecial(java.lang.Object, java.lang.Object, java.lang.Object, java.lang.Object)'> (0x00000000c2e7cde0) 
thrown [s\src\hotspot\share\interpreter\linkResolver.cpp, line 759]
Event: 5.571 Thread 0x000001de36d81ff0 Exception <a 'java/lang/NoSuchMethodError'{0x00000000c2c54468}: 'java.lang.Object java.lang.invoke.DirectMethodHandle$Holder.newInvokeSpecial(java.lang.Object, java.lang.Object, java.lang.Object, java.lang.Object, java.lang.Object, java.lang.Object, java.lang.Object)'> (0x00000000c2c54468) 
thrown [s\src\hotspot\share\interpreter\linkResolver.cpp, line 759]
Event: 5.571 Thread 0x000001de36d81ff0 Exception <a 'java/lang/NoSuchMethodError'{0x00000000c2c58d78}: 'java.lang.Object java.lang.invoke.Invokers$Holder.linkToTargetMethod(java.lang.Object, java.lang.Object, java.lang.Object, java.lang.Object, java.lang.Object, java.lang.Object, java.lang.Object)'> (0x00000000c2c58d78) 
thrown [s\src\hotspot\share\interpreter\linkResolver.cpp, line 759]
Event: 5.586 Thread 0x000001de36d81ff0 Exception <a 'java/lang/NoSuchMethodError'{0x00000000c2cae4f0}: 'int java.lang.invoke.DirectMethodHandle$Holder.invokeStatic(java.lang.Object, java.lang.Object, java.lang.Object, java.lang.Object)'> (0x00000000c2cae4f0) 
thrown [s\src\hotspot\share\interpreter\linkResolver.cpp, line 759]
Event: 5.587 Thread 0x000001de36d81ff0 Exception <a 'java/lang/NoSuchMethodError'{0x00000000c2cb1e70}: 'java.lang.Object java.lang.invoke.Invokers$Holder.invokeExact_MT(java.lang.Object, java.lang.Object, java.lang.Object, java.lang.Object, java.lang.Object, java.lang.Object)'> (0x00000000c2cb1e70) 
thrown [s\src\hotspot\share\interpreter\linkResolver.cpp, line 759]
Event: 5.652 Thread 0x000001de36d81ff0 Exception <a 'java/lang/NoSuchMethodError'{0x00000000c2b23380}: 'java.lang.Object java.lang.invoke.DirectMethodHandle$Holder.invokeSpecial(java.lang.Object, java.lang.Object, java.lang.Object, java.lang.Object, java.lang.Object, java.lang.Object, int)'> (0x00000000c2b23380) 
thrown [s\src\hotspot\share\interpreter\linkResolver.cpp, line 759]
Event: 5.653 Thread 0x000001de36d81ff0 Exception <a 'java/lang/NoSuchMethodError'{0x00000000c2b2d8e8}: 'java.lang.Object java.lang.invoke.DirectMethodHandle$Holder.newInvokeSpecial(java.lang.Object, java.lang.Object, java.lang.Object, java.lang.Object, java.lang.Object, java.lang.Object, int)'> (0x00000000c2b2d8e8) 
thrown [s\src\hotspot\share\interpreter\linkResolver.cpp, line 759]
Event: 5.659 Thread 0x000001de36d81ff0 Exception <a 'java/lang/NoSuchMethodError'{0x00000000c2b32928}: 'java.lang.Object java.lang.invoke.DirectMethodHandle$Holder.invokeSpecial(java.lang.Object, java.lang.Object, java.lang.Object, java.lang.Object, java.lang.Object, java.lang.Object, java.lang.Object, int)'> (0x00000000c2b32928) 
thrown [s\src\hotspot\share\interpreter\linkResolver.cpp, line 759]

VM Operations (20 events):
Event: 3.085 Executing VM operation: HandshakeAllThreads
Event: 3.085 Executing VM operation: HandshakeAllThreads done
Event: 3.348 Executing VM operation: G1CollectForAllocation
Event: 3.356 Executing VM operation: G1CollectForAllocation done
Event: 4.191 Executing VM operation: HandshakeAllThreads
Event: 4.191 Executing VM operation: HandshakeAllThreads done
Event: 4.210 Executing VM operation: HandshakeAllThreads
Event: 4.210 Executing VM operation: HandshakeAllThreads done
Event: 4.249 Executing VM operation: G1CollectForAllocation
Event: 4.255 Executing VM operation: G1CollectForAllocation done
Event: 4.361 Executing VM operation: HandshakeAllThreads
Event: 4.361 Executing VM operation: HandshakeAllThreads done
Event: 4.859 Executing VM operation: HandshakeAllThreads
Event: 4.859 Executing VM operation: HandshakeAllThreads done
Event: 5.859 Executing VM operation: HandshakeAllThreads
Event: 5.859 Executing VM operation: HandshakeAllThreads done
Event: 5.859 Executing VM operation: Cleanup
Event: 5.859 Executing VM operation: Cleanup done
Event: 5.870 Executing VM operation: HandshakeAllThreads
Event: 5.870 Executing VM operation: HandshakeAllThreads done

Events (20 events):
Event: 6.065 loading class java/security/interfaces/ECKey
Event: 6.065 loading class java/security/interfaces/ECKey done
Event: 6.065 loading class java/security/interfaces/XECKey
Event: 6.065 loading class java/security/interfaces/XECKey done
Event: 6.065 loading class sun/security/util/KeyUtil
Event: 6.070 loading class sun/security/util/KeyUtil done
Event: 6.070 loading class sun/security/util/Length
Event: 6.071 loading class sun/security/util/Length done
Event: 6.071 loading class javax/crypto/SecretKey
Event: 6.080 loading class javax/crypto/SecretKey done
Event: 6.347 loading class java/util/Base64
Event: 6.348 loading class java/util/Base64 done
Event: 6.348 loading class java/util/Base64$Decoder
Event: 6.403 loading class java/util/Base64$Decoder done
Event: 6.415 loading class java/util/Base64$Encoder
Event: 6.415 loading class java/util/Base64$Encoder done
Event: 6.416 loading class java/util/jar/JarVerifier$VerifierStream
Event: 6.416 loading class java/util/jar/JarVerifier$VerifierStream done
Event: 6.416 loading class sun/security/util/ManifestEntryVerifier$SunProviderHolder
Event: 6.416 loading class sun/security/util/ManifestEntryVerifier$SunProviderHolder done


Dynamic libraries:
0x00007ff6b5f70000 - 0x00007ff6b5f7e000 	c:\Users\butle\.vscode\extensions\redhat.java-1.24.0-win32-x64\jre\17.0.8.1-win32-x86_64\bin\java.exe
0x00007ffab0ec0000 - 0x00007ffab10c9000 	C:\WINDOWS\SYSTEM32\ntdll.dll
0x00007ffaaedb0000 - 0x00007ffaaee6e000 	C:\WINDOWS\System32\KERNEL32.DLL
0x00007ffaae390000 - 0x00007ffaae70c000 	C:\WINDOWS\System32\KERNELBASE.dll
0x00007ffaae740000 - 0x00007ffaae851000 	C:\WINDOWS\System32\ucrtbase.dll
0x00007ffaa7a30000 - 0x00007ffaa7a47000 	c:\Users\butle\.vscode\extensions\redhat.java-1.24.0-win32-x64\jre\17.0.8.1-win32-x86_64\bin\jli.dll
0x00007ffaafe90000 - 0x00007ffab003d000 	C:\WINDOWS\System32\USER32.dll
0x00007ffaae710000 - 0x00007ffaae736000 	C:\WINDOWS\System32\win32u.dll
0x00007ffab0cb0000 - 0x00007ffab0cd9000 	C:\WINDOWS\System32\GDI32.dll
0x00007ffaae900000 - 0x00007ffaaea18000 	C:\WINDOWS\System32\gdi32full.dll
0x00007ffaae860000 - 0x00007ffaae8fd000 	C:\WINDOWS\System32\msvcp_win.dll
0x00007ffa94130000 - 0x00007ffa943d5000 	C:\WINDOWS\WinSxS\amd64_microsoft.windows.common-controls_6595b64144ccf1df_6.0.22000.120_none_9d947278b86cc467\COMCTL32.dll
0x00007ffaaef40000 - 0x00007ffaaefe3000 	C:\WINDOWS\System32\msvcrt.dll
0x00007ffaa75f0000 - 0x00007ffaa7609000 	c:\Users\butle\.vscode\extensions\redhat.java-1.24.0-win32-x64\jre\17.0.8.1-win32-x86_64\bin\VCRUNTIME140.dll
0x00007ffaafe50000 - 0x00007ffaafe81000 	C:\WINDOWS\System32\IMM32.DLL
0x00007ffaa7ed0000 - 0x00007ffaa7edc000 	c:\Users\butle\.vscode\extensions\redhat.java-1.24.0-win32-x64\jre\17.0.8.1-win32-x86_64\bin\vcruntime140_1.dll
0x00007ffa737f0000 - 0x00007ffa73881000 	c:\Users\butle\.vscode\extensions\redhat.java-1.24.0-win32-x64\jre\17.0.8.1-win32-x86_64\bin\msvcp140.dll
0x00007ffa58860000 - 0x00007ffa594ac000 	c:\Users\butle\.vscode\extensions\redhat.java-1.24.0-win32-x64\jre\17.0.8.1-win32-x86_64\bin\server\jvm.dll
0x00007ffab0be0000 - 0x00007ffab0c8e000 	C:\WINDOWS\System32\ADVAPI32.dll
0x00007ffab0690000 - 0x00007ffab072e000 	C:\WINDOWS\System32\sechost.dll
0x00007ffab00f0000 - 0x00007ffab0210000 	C:\WINDOWS\System32\RPCRT4.dll
0x00007ffaae260000 - 0x00007ffaae2ad000 	C:\WINDOWS\SYSTEM32\POWRPROF.dll
0x00007ffa95870000 - 0x00007ffa95879000 	C:\WINDOWS\SYSTEM32\WSOCK32.dll
0x00007ffaaee70000 - 0x00007ffaaeedf000 	C:\WINDOWS\System32\WS2_32.dll
0x00007ffaa7590000 - 0x00007ffaa75c3000 	C:\WINDOWS\SYSTEM32\WINMM.dll
0x00007ffaa0e40000 - 0x00007ffaa0e4a000 	C:\WINDOWS\SYSTEM32\VERSION.dll
0x00007ffaae190000 - 0x00007ffaae1a3000 	C:\WINDOWS\SYSTEM32\UMPDC.dll
0x00007ffaad410000 - 0x00007ffaad428000 	C:\WINDOWS\SYSTEM32\kernel.appcore.dll
0x00007ffaa7df0000 - 0x00007ffaa7dfa000 	c:\Users\butle\.vscode\extensions\redhat.java-1.24.0-win32-x64\jre\17.0.8.1-win32-x86_64\bin\jimage.dll
0x00007ffaabff0000 - 0x00007ffaac211000 	C:\WINDOWS\SYSTEM32\DBGHELP.DLL
0x00007ffa96e60000 - 0x00007ffa96e91000 	C:\WINDOWS\SYSTEM32\dbgcore.DLL
0x00007ffaaeb90000 - 0x00007ffaaec0f000 	C:\WINDOWS\System32\bcryptPrimitives.dll
0x00007ffa99d90000 - 0x00007ffa99db5000 	c:\Users\butle\.vscode\extensions\redhat.java-1.24.0-win32-x64\jre\17.0.8.1-win32-x86_64\bin\java.dll
0x00007ffa9a6e0000 - 0x00007ffa9a6f8000 	c:\Users\butle\.vscode\extensions\redhat.java-1.24.0-win32-x64\jre\17.0.8.1-win32-x86_64\bin\zip.dll
0x00007ffaaf080000 - 0x00007ffaaf845000 	C:\WINDOWS\System32\SHELL32.dll
0x00007ffaac480000 - 0x00007ffaacce5000 	C:\WINDOWS\SYSTEM32\windows.storage.dll
0x00007ffaaf860000 - 0x00007ffaafbd6000 	C:\WINDOWS\System32\combase.dll
0x00007ffaac310000 - 0x00007ffaac476000 	C:\WINDOWS\SYSTEM32\wintypes.dll
0x00007ffaafbe0000 - 0x00007ffaafcca000 	C:\WINDOWS\System32\SHCORE.dll
0x00007ffaaeee0000 - 0x00007ffaaef3d000 	C:\WINDOWS\System32\shlwapi.dll
0x00007ffaae2c0000 - 0x00007ffaae2e1000 	C:\WINDOWS\SYSTEM32\profapi.dll
0x00007ffa980a0000 - 0x00007ffa980b9000 	C:\Users\butle\.vscode\extensions\redhat.java-1.24.0-win32-x64\jre\17.0.8.1-win32-x86_64\bin\net.dll
0x00007ffaa6430000 - 0x00007ffaa6542000 	C:\WINDOWS\SYSTEM32\WINHTTP.dll
0x00007ffaad8b0000 - 0x00007ffaad917000 	C:\WINDOWS\system32\mswsock.dll
0x00007ffa90070000 - 0x00007ffa90085000 	C:\Users\butle\.vscode\extensions\redhat.java-1.24.0-win32-x64\jre\17.0.8.1-win32-x86_64\bin\nio.dll

dbghelp: loaded successfully - version: 4.0.5 - missing functions: none
symbol engine: initialized successfully - sym options: 0x614 - pdb path: .;c:\Users\butle\.vscode\extensions\redhat.java-1.24.0-win32-x64\jre\17.0.8.1-win32-x86_64\bin;C:\WINDOWS\SYSTEM32;C:\WINDOWS\WinSxS\amd64_microsoft.windows.common-controls_6595b64144ccf1df_6.0.22000.120_none_9d947278b86cc467;c:\Users\butle\.vscode\extensions\redhat.java-1.24.0-win32-x64\jre\17.0.8.1-win32-x86_64\bin\server

VM Arguments:
jvm_args: -XX:+HeapDumpOnOutOfMemoryError -Xmx1024m -Dsts.lsp.client=vscode -Dsts.log.file=/dev/null -XX:TieredStopAtLevel=1 -Xlog:jni+resolve=off -Dspring.config.location=file:c:\Users\butle\.vscode\extensions\vmware.vscode-spring-boot-1.49.0\language-server\BOOT-INF\classes\application.properties 
java_command: org.springframework.ide.vscode.boot.app.BootLanguageServerBootApp
java_class_path (initial): c:\Users\butle\.vscode\extensions\vmware.vscode-spring-boot-1.49.0\language-server\BOOT-INF\classes;c:\Users\butle\.vscode\extensions\vmware.vscode-spring-boot-1.49.0\language-server\BOOT-INF\lib\annotations-24.0.1.jar;c:\Users\butle\.vscode\extensions\vmware.vscode-spring-boot-1.49.0\language-server\BOOT-INF\lib\antlr-runtime-3.5.3.jar;c:\Users\butle\.vscode\extensions\vmware.vscode-spring-boot-1.49.0\language-server\BOOT-INF\lib\antlr4-4.11.1.jar;c:\Users\butle\.vscode\extensions\vmware.vscode-spring-boot-1.49.0\language-server\BOOT-INF\lib\antlr4-runtime-4.11.1.jar;c:\Users\butle\.vscode\extensions\vmware.vscode-spring-boot-1.49.0\language-server\BOOT-INF\lib\archunit-1.1.0.jar;c:\Users\butle\.vscode\extensions\vmware.vscode-spring-boot-1.49.0\language-server\BOOT-INF\lib\asm-9.5.jar;c:\Users\butle\.vscode\extensions\vmware.vscode-spring-boot-1.49.0\language-server\BOOT-INF\lib\asm-analysis-9.5.jar;c:\Users\butle\.vscode\extensions\vmware.vscode-spring-boot-1.49.0\language-server\BOOT-INF\lib\asm-tree-9.5.jar;c:\Users\butle\.vscode\extensions\vmware.vscode-spring-boot-1.49.0\language-server\BOOT-INF\lib\asm-util-9.5.jar;c:\Users\butle\.vscode\extensions\vmware.vscode-spring-boot-1.49.0\language-server\BOOT-INF\lib\bosh-language-server-1.49.0-SNAPSHOT.jar;c:\Users\butle\.vscode\extensions\vmware.vscode-spring-boot-1.49.0\language-server\BOOT-INF\lib\caffeine-3.1.6.jar;c:\Users\butle\.vscode\extensions\vmware.vscode-spring-boot-1.49.0\language-server\BOOT-INF\lib\checker-qual-3.12.0.jar;c:\Users\butle\.vscode\extensions\vmware.vscode-spring-boot-1.49.0\language-server\BOOT-INF\lib\classgraph-4.8.149.jar;c:\Users\butle\.vscode\extensions\vmware.vscode-spring-boot-1.49.0\language-server\BOOT-INF\lib\commons-codec-1.15.jar;c:\Users\butle\.vscode\extensions\vmware.vscode-spring-boot-1.49.0\language-server\BOOT-INF\lib\commons-compress-1.23.0.jar;c:\Users\butle\.vscode\extensions\vmware.vscode-spring-boot-1.49.0\language-server\BOOT-INF\lib\
Launcher Type: SUN_STANDARD

[Global flags]
     intx CICompilerCount                          = 2                                         {product} {ergonomic}
     uint ConcGCThreads                            = 1                                         {product} {ergonomic}
     uint G1ConcRefinementThreads                  = 2                                         {product} {ergonomic}
   size_t G1HeapRegionSize                         = 1048576                                   {product} {ergonomic}
    uintx GCDrainStackTargetSize                   = 64                                        {product} {ergonomic}
     bool HeapDumpOnOutOfMemoryError               = true                                   {manageable} {command line}
   size_t InitialHeapSize                          = 65011712                                  {product} {ergonomic}
   size_t MarkStackSize                            = 4194304                                   {product} {ergonomic}
   size_t MaxHeapSize                              = 1073741824                                {product} {command line}
   size_t MaxNewSize                               = 643825664                                 {product} {ergonomic}
   size_t MinHeapDeltaBytes                        = 1048576                                   {product} {ergonomic}
   size_t MinHeapSize                              = 8388608                                   {product} {ergonomic}
    uintx NonProfiledCodeHeapSize                  = 0                                      {pd product} {ergonomic}
     bool ProfileInterpreter                       = false                                  {pd product} {command line}
    uintx ProfiledCodeHeapSize                     = 0                                      {pd product} {ergonomic}
   size_t SoftMaxHeapSize                          = 1073741824                             {manageable} {ergonomic}
     intx TieredStopAtLevel                        = 1                                         {product} {command line}
     bool UseCompressedClassPointers               = true                           {product lp64_product} {ergonomic}
     bool UseCompressedOops                        = true                           {product lp64_product} {ergonomic}
     bool UseG1GC                                  = true                                      {product} {ergonomic}
     bool UseLargePagesIndividualAllocation        = false                                  {pd product} {ergonomic}

Logging:
Log output configuration:
 #0: stdout all=warning,jni+resolve=off uptime,level,tags
 #1: stderr all=off uptime,level,tags

Environment Variables:
PATH=C:\Program Files\Common Files\Oracle\Java\javapath;C:\WINDOWS\system32;C:\WINDOWS;C:\WINDOWS\System32\Wbem;C:\WINDOWS\System32\WindowsPowerShell\v1.0\;C:\WINDOWS\System32\OpenSSH\;C:\Program Files\Git\cmd;C:\apache-maven-3.9.4\bin;C:\Program Files (x86)\nodejs\;C:\Users\butle\AppData\Local\Microsoft\WindowsApps;;C:\Users\butle\AppData\Local\Programs\Microsoft VS Code\bin;C:\Users\butle\AppData\Roaming\npm
USERNAME=butle
OS=Windows_NT
PROCESSOR_IDENTIFIER=Intel64 Family 6 Model 122 Stepping 1, GenuineIntel
TMP=C:\Users\butle\AppData\Local\Temp
TEMP=C:\Users\butle\AppData\Local\Temp



---------------  S Y S T E M  ---------------

OS:
 Windows 11 , 64 bit Build 22000 (10.0.22000.1516)
OS uptime: 9 days 17:46 hours

CPU: total 2 (initial active 2) (2 cores per cpu, 1 threads per core) family 6 model 122 stepping 1 microcode 0x34, cx8, cmov, fxsr, mmx, 3dnowpref, sse, sse2, sse3, ssse3, sse4.1, sse4.2, popcnt, tsc, tscinvbit, aes, erms, clmul, sha, clflush, clflushopt
Processor Information for all 2 processors :
  Max Mhz: 1101, Current Mhz: 1101, Mhz Limit: 1101

Memory: 4k page, system-wide physical 3911M (215M free)
TotalPageFile size 11248M (AvailPageFile size 17M)
current process WorkingSet (physical memory assigned to process): 81M, peak: 81M
current process commit charge ("private bytes"): 141M, peak: 141M

vm_info: OpenJDK 64-Bit Server VM (17.0.8.1+1) for windows-amd64 JRE (17.0.8.1+1), built on Aug 23 2023 15:29:17 by "admin" with MS VC++ 16.7 (VS2019)

END.
